<?xml version="1.0" encoding="UTF-8"?>
<!-- Generated by org.testng.reporters.JUnitReportReporter -->
<testsuite hostname="QT-INBG-LT0043" failures="0" tests="1" name="SendKudosModule.SendingKudos" time="26.625" errors="0" timestamp="2021-03-26T14:51:02 IST" skipped="0">
  <testcase classname="SendKudosModule.SendingKudos" name="Sendkudos" time="26.625"/>
  <system-out/>
</testsuite> <!-- SendKudosModule.SendingKudos -->
