<?xml version="1.0" encoding="UTF-8"?>
<!-- Generated by org.testng.reporters.JUnitReportReporter -->
<testsuite hostname="QT-INBG-LT0043" failures="0" tests="1" name="SendKudosModule.SelectKudos" time="29.585" errors="0" timestamp="2021-03-26T12:56:32 IST" skipped="0">
  <testcase classname="SendKudosModule.SelectKudos" name="Select" time="29.585"/>
  <system-out/>
</testsuite> <!-- SendKudosModule.SelectKudos -->
