<?xml version="1.0" encoding="UTF-8"?>
<!-- Generated by org.testng.reporters.JUnitReportReporter -->
<testsuite hostname="QT-INBG-LT0043" failures="0" tests="1" name="SearchKudosModule.SearchKudos1" time="25.359" errors="0" timestamp="2021-03-26T10:10:16 IST" skipped="0">
  <testcase classname="SearchKudosModule.SearchKudos1" name="Kudossearching" time="25.359"/>
  <system-out/>
</testsuite> <!-- SearchKudosModule.SearchKudos1 -->
