<?xml version="1.0" encoding="UTF-8"?>
<!-- Generated by org.testng.reporters.JUnitReportReporter -->
<testsuite hostname="QT-INBG-LT0043" failures="0" tests="1" name="TestPackage.SendingKudos" time="24.731" errors="0" timestamp="2021-03-24T09:45:45 IST" skipped="0">
  <testcase classname="TestPackage.SendingKudos" name="basePageNavigation" time="24.731"/>
  <system-out/>
</testsuite> <!-- TestPackage.SendingKudos -->
