<?xml version="1.0" encoding="UTF-8"?>
<!-- Generated by org.testng.reporters.JUnitReportReporter -->
<testsuite hostname="QT-INBG-LT0043" failures="0" tests="1" name="TestPackage.EnterName" time="20.809" errors="0" timestamp="2021-03-24T16:03:38 IST" skipped="0">
  <testcase classname="TestPackage.EnterName" name="Kudossearching" time="20.809"/>
  <system-out/>
</testsuite> <!-- TestPackage.EnterName -->
