<?xml version="1.0" encoding="UTF-8"?>
<!-- Generated by org.testng.reporters.JUnitReportReporter -->
<testsuite hostname="QT-INBG-LT0043" failures="0" tests="1" name="SendKudosModule.KudosConfirmation" time="35.032" errors="0" timestamp="2021-03-26T10:10:16 IST" skipped="0">
  <testcase classname="SendKudosModule.KudosConfirmation" name="ConfirmationMessage" time="35.032"/>
  <system-out/>
</testsuite> <!-- SendKudosModule.KudosConfirmation -->
