<?xml version="1.0" encoding="UTF-8"?>
<!-- Generated by org.testng.reporters.JUnitReportReporter -->
<testsuite hostname="QT-INBG-LT0043" failures="0" tests="2" name="SendKudosModule.SendComments" time="48.233" errors="0" timestamp="2021-03-26T14:55:25 IST" skipped="0">
  <testcase classname="SendKudosModule.SendComments" name="Citation" time="24.644"/>
  <system-out/>
  <testcase classname="SendKudosModule.SendComments" name="Citation" time="23.589"/>
  <system-out/>
</testsuite> <!-- SendKudosModule.SendComments -->
