<?xml version="1.0" encoding="UTF-8"?>
<!-- Generated by org.testng.reporters.JUnitReportReporter -->
<testsuite hostname="QT-INBG-LT0043" failures="0" tests="1" name="OthersModule.KudosToMe" time="22.756" errors="0" timestamp="2021-03-26T11:17:13 IST" skipped="0">
  <testcase classname="OthersModule.KudosToMe" name="KudosT0Me" time="22.756"/>
  <system-out/>
</testsuite> <!-- OthersModule.KudosToMe -->
