<?xml version="1.0" encoding="UTF-8"?>
<!-- Generated by org.testng.reporters.JUnitReportReporter -->
<testsuite hostname="QT-INBG-LT0043" failures="0" tests="1" name="OthersModule.KudosFromMe" time="17.317" errors="0" timestamp="2021-03-26T10:10:17 IST" skipped="0">
  <testcase classname="OthersModule.KudosFromMe" name="KudosfromMe" time="17.317"/>
  <system-out/>
</testsuite> <!-- OthersModule.KudosFromMe -->
