<?xml version="1.0" encoding="UTF-8"?>
<!-- Generated by org.testng.reporters.JUnitReportReporter -->
<testsuite hostname="QT-INBG-LT0043" failures="0" tests="1" name="TestPackage.EnterRecipient" time="19.616" errors="0" timestamp="2021-03-24T09:47:50 IST" skipped="0">
  <testcase classname="TestPackage.EnterRecipient" name="basePageNavigation" time="19.616"/>
  <system-out/>
</testsuite> <!-- TestPackage.EnterRecipient -->
