<?xml version="1.0" encoding="UTF-8"?>
<!-- Generated by org.testng.reporters.JUnitReportReporter -->
<testsuite hostname="QT-INBG-LT0043" failures="0" tests="1" name="TestPackage.SelectKudos" time="17.584" errors="0" timestamp="2021-03-24T09:50:34 IST" skipped="0">
  <testcase classname="TestPackage.SelectKudos" name="basePageNavigation" time="17.584"/>
  <system-out/>
</testsuite> <!-- TestPackage.SelectKudos -->
