<?xml version="1.0" encoding="UTF-8"?>
<!-- Generated by org.testng.reporters.JUnitReportReporter -->
<testsuite hostname="QT-INBG-LT0043" failures="0" tests="1" name="TestPackage.KudosConfirmation" time="26.226" errors="0" timestamp="2021-03-24T18:09:38 IST" skipped="0">
  <testcase classname="TestPackage.KudosConfirmation" name="ConfirmationMessage" time="26.226"/>
  <system-out/>
</testsuite> <!-- TestPackage.KudosConfirmation -->
