<?xml version="1.0" encoding="UTF-8"?>
<!-- Generated by org.testng.reporters.JUnitReportReporter -->
<testsuite hostname="QT-INBG-LT0043" failures="0" tests="1" name="TestPackage.SearchKudos1" time="16.017" errors="0" timestamp="2021-03-24T15:30:45 IST" skipped="0">
  <testcase classname="TestPackage.SearchKudos1" name="Kudossearching" time="16.017"/>
  <system-out/>
</testsuite> <!-- TestPackage.SearchKudos1 -->
