<?xml version="1.0" encoding="UTF-8"?>
<!-- Generated by org.testng.reporters.JUnitReportReporter -->
<testsuite hostname="QT-INBG-LT0043" failures="0" tests="1" name="LoginModule.CheckApplicationTitle" time="14.336" errors="0" timestamp="2021-03-26T10:10:17 IST" skipped="0">
  <testcase classname="LoginModule.CheckApplicationTitle" name="getAppTitle" time="14.336"/>
  <system-out/>
</testsuite> <!-- LoginModule.CheckApplicationTitle -->
