<?xml version="1.0" encoding="UTF-8"?>
<!-- Generated by org.testng.reporters.JUnitReportReporter -->
<testsuite hostname="QT-INBG-LT0043" failures="0" tests="1" name="OthersModule.SelfKudos" time="28.187" errors="0" timestamp="2021-03-26T11:18:20 IST" skipped="0">
  <testcase classname="OthersModule.SelfKudos" name="Selfkudos1" time="28.187"/>
  <system-out/>
</testsuite> <!-- OthersModule.SelfKudos -->
