<?xml version="1.0" encoding="UTF-8"?>
<!-- Generated by org.testng.reporters.JUnitReportReporter -->
<testsuite hostname="QT-INBG-LT0043" failures="0" tests="1" name="Integration.Integration1" time="39.761" errors="0" timestamp="2021-03-26T13:36:06 IST" skipped="0">
  <testcase classname="Integration.Integration1" name="SendKudosIntegration" time="39.761"/>
  <system-out/>
</testsuite> <!-- Integration.Integration1 -->
