<?xml version="1.0" encoding="UTF-8"?>
<!-- Generated by org.testng.reporters.JUnitReportReporter -->
<testsuite hostname="QT-INBG-LT0043" failures="0" tests="1" name="TestPackage.kudosCount" time="37.793" errors="0" timestamp="2021-03-25T11:03:52 IST" skipped="0">
  <testcase classname="TestPackage.kudosCount" name="CountKudos" time="37.793"/>
  <system-out/>
</testsuite> <!-- TestPackage.kudosCount -->
