<?xml version="1.0" encoding="UTF-8"?>
<!-- Generated by org.testng.reporters.JUnitReportReporter -->
<testsuite hostname="QT-INBG-LT0043" failures="0" tests="1" name="TestPackage.KudosFromMe" time="17.970" errors="0" timestamp="2021-03-25T09:48:58 IST" skipped="0">
  <testcase classname="TestPackage.KudosFromMe" name="KudosFromMe" time="17.970"/>
  <system-out/>
</testsuite> <!-- TestPackage.KudosFromMe -->
