<?xml version="1.0" encoding="UTF-8"?>
<!-- Generated by org.testng.reporters.JUnitReportReporter -->
<testsuite hostname="QT-INBG-LT0043" failures="0" tests="1" name="TestPackage.QTTestCases3" time="13.775" errors="0" timestamp="2021-03-23T16:37:56 IST" skipped="0">
  <testcase classname="TestPackage.QTTestCases3" name="KudosT0Me" time="13.775"/>
  <system-out/>
</testsuite> <!-- TestPackage.QTTestCases3 -->
